#
# A fatal error has been detected by the Java Runtime Environment:
#
#  EXCEPTION_ACCESS_VIOLATION (0xc0000005) at pc=0x000000007763b7b0, pid=10008, tid=0x0000000000003980
#
# JRE version: OpenJDK Runtime Environment (8.0_242-b01) (build 1.8.0_242-release-1644-b01)
# Java VM: OpenJDK 64-Bit Server VM (25.242-b01 mixed mode windows-amd64 compressed oops)
# Problematic frame:
# V  [jvm.dll+0x8b7b0]
#
# Failed to write core dump. Minidumps are not enabled by default on client versions of Windows
#
# If you would like to submit a bug report, please visit:
#   
#

---------------  T H R E A D  ---------------

Current thread (0x000000000319f800):  GCTaskThread [stack: 0x0000000013050000,0x0000000013150000] [id=14720]

siginfo: ExceptionCode=0xc0000005, reading address 0x0000000000000010

Registers:
RAX=0x0000000000000000, RBX=0x00000000e1d65200, RCX=0x00000000e1d65200, RDX=0x0000000000000008
RSP=0x000000001314f878, RBP=0x0000000012643f81, RSI=0x0000000016df4a00, RDI=0x00000000a07e6e58
R8 =0x0000000016df4a00, R9 =0x0000000000000008, R10=0x0000000000000008, R11=0x00000000f6bcf310
R12=0x0000000012643f36, R13=0x0000000000000000, R14=0x0000000000000000, R15=0x0000000003192940
RIP=0x000000007763b7b0, EFLAGS=0x0000000000010202

Top of Stack: (sp=0x000000001314f878)
0x000000001314f878:   00000000779827b2 00000000e1debdd8
0x000000001314f888:   0000000000000004 0000000016df4a00
0x000000001314f898:   000000007769fdb0 00000000f6bc7320
0x000000001314f8a8:   0000000077982efb 00000000e01bccc8
0x000000001314f8b8:   000000000000000d 0000000000000000
0x000000001314f8c8:   0000000016df4a00 0000000012643f36
0x000000001314f8d8:   0000000077982b20 00000000f6bcd668
0x000000001314f8e8:   0000000012643f81 0000000016df4a00
0x000000001314f8f8:   00000000a07e6e58 00000000f6bcd668
0x000000001314f908:   00000000779836c5 00000000e1dfe1b8
0x000000001314f918:   0000000012643f81 0000000016df4a00
0x000000001314f928:   000000000318e770 000000001314fa20
0x000000001314f938:   0000000077985f65 00000000a072ede4
0x000000001314f948:   000000007769fcc7 0000000016df4a00
0x000000001314f958:   000000007769e3a3 00000000a0789ae1
0x000000001314f968:   00000000a0789ae1 0000000016df4a00 

Instructions: (pc=0x000000007763b7b0)
0x000000007763b790:   1c 8f 1d 00 48 8b 9c 24 c0 00 00 00 48 81 c4 b0
0x000000007763b7a0:   00 00 00 5d c3 cc cc cc cc cc cc cc cc cc cc cc
0x000000007763b7b0:   44 8b 42 08 4c 8b ca 45 85 c0 7e 0e 41 f6 c0 01
0x000000007763b7c0:   75 57 41 c1 f8 03 41 8b c0 c3 79 4d 80 3d 7e 97 


Register to memory mapping:

RAX=0x0000000000000000 is an unknown value
RBX=0x00000000e1d65200 is an unknown value
RCX=0x00000000e1d65200 is an unknown value
RDX=0x0000000000000008 is an unknown value
RSP=0x000000001314f878 is an unknown value
RBP=0x0000000012643f81 is an unknown value
RSI=0x0000000016df4a00 is an unknown value
RDI=0x00000000a07e6e58 is an oop
java.lang.String 
 - klass: 'java/lang/String'
R8 =0x0000000016df4a00 is an unknown value
R9 =0x0000000000000008 is an unknown value
R10=0x0000000000000008 is an unknown value
R11=0x00000000f6bcf310 is an unknown value
R12=0x0000000012643f36 is an unknown value
R13=0x0000000000000000 is an unknown value
R14=0x0000000000000000 is an unknown value
R15=0x0000000003192940 is an unknown value


Stack: [0x0000000013050000,0x0000000013150000],  sp=0x000000001314f878,  free space=1022k
Native frames: (J=compiled Java code, j=interpreted, Vv=VM code, C=native code)
V  [jvm.dll+0x8b7b0]


---------------  P R O C E S S  ---------------

Java Threads: ( => current thread )
  0x000000001ec53000 JavaThread "pool-1-thread-1" [_thread_blocked, id=11088, stack(0x000000002aae0000,0x000000002abe0000)]
  0x000000001ec52000 JavaThread "Cache worker for Build Output Cleanup Cache (D:\programming\android\CriminalIntent\.gradle\buildOutputCleanup)" [_thread_blocked, id=1748, stack(0x0000000029850000,0x0000000029950000)]
  0x000000001ec50000 JavaThread "jar transforms Thread 112" [_thread_blocked, id=13872, stack(0x000000002a9e0000,0x000000002aae0000)]
  0x000000001ec51800 JavaThread "jar transforms Thread 111" [_thread_blocked, id=15308, stack(0x000000002a8e0000,0x000000002a9e0000)]
  0x000000001ec4e800 JavaThread "jar transforms Thread 110" [_thread_blocked, id=14316, stack(0x000000002a7e0000,0x000000002a8e0000)]
  0x000000001ec4d800 JavaThread "jar transforms Thread 109" [_thread_blocked, id=856, stack(0x000000002a5e0000,0x000000002a6e0000)]
  0x000000001ec50800 JavaThread "jar transforms Thread 108" [_thread_blocked, id=4156, stack(0x000000002a4e0000,0x000000002a5e0000)]
  0x000000001ec4f000 JavaThread "jar transforms Thread 107" [_thread_blocked, id=13728, stack(0x000000002a3e0000,0x000000002a4e0000)]
  0x000000001eb00000 JavaThread "jar transforms Thread 106" [_thread_blocked, id=10504, stack(0x000000002a2e0000,0x000000002a3e0000)]
  0x000000001eaff000 JavaThread "jar transforms Thread 105" [_thread_blocked, id=6788, stack(0x0000000029fe0000,0x000000002a0e0000)]
  0x000000001eafc000 JavaThread "jar transforms Thread 104" [_thread_blocked, id=15216, stack(0x0000000029ee0000,0x0000000029fe0000)]
  0x000000001eafe800 JavaThread "jar transforms Thread 103" [_thread_blocked, id=4292, stack(0x0000000029de0000,0x0000000029ee0000)]
  0x000000001eafb800 JavaThread "jar transforms Thread 102" [_thread_blocked, id=4288, stack(0x0000000029ce0000,0x0000000029de0000)]
  0x000000001eafa800 JavaThread "jar transforms Thread 101" [_thread_blocked, id=4208, stack(0x0000000029be0000,0x0000000029ce0000)]
  0x000000001eafd800 JavaThread "jar transforms Thread 100" [_thread_blocked, id=4172, stack(0x0000000029ae0000,0x0000000029be0000)]
  0x000000001eafd000 JavaThread "jar transforms Thread 99" [_thread_blocked, id=4060, stack(0x00000000299e0000,0x0000000029ae0000)]
  0x000000001eaf3000 JavaThread "jar transforms Thread 98" [_thread_blocked, id=4100, stack(0x00000000235e0000,0x00000000236e0000)]
  0x000000001eafa000 JavaThread "jar transforms Thread 97" [_thread_blocked, id=3040, stack(0x0000000029750000,0x0000000029850000)]
  0x000000001eaf9000 JavaThread "jar transforms Thread 96" [_thread_blocked, id=12996, stack(0x0000000029650000,0x0000000029750000)]
  0x000000001eaf8800 JavaThread "jar transforms Thread 95" [_thread_blocked, id=4148, stack(0x0000000029550000,0x0000000029650000)]
  0x000000001eaf6000 JavaThread "jar transforms Thread 94" [_thread_blocked, id=4028, stack(0x0000000029450000,0x0000000029550000)]
  0x000000001eaf2800 JavaThread "jar transforms Thread 93" [_thread_blocked, id=14028, stack(0x0000000029350000,0x0000000029450000)]
  0x000000001eaf5800 JavaThread "jar transforms Thread 92" [_thread_blocked, id=15196, stack(0x0000000029250000,0x0000000029350000)]
  0x000000001eaf1000 JavaThread "jar transforms Thread 91" [_thread_blocked, id=6264, stack(0x0000000029150000,0x0000000029250000)]
  0x000000001eaf1800 JavaThread "jar transforms Thread 90" [_thread_blocked, id=14664, stack(0x0000000029050000,0x0000000029150000)]
  0x000000001eaf7000 JavaThread "jar transforms Thread 89" [_thread_blocked, id=1660, stack(0x0000000028f50000,0x0000000029050000)]
  0x000000001eaf4800 JavaThread "jar transforms Thread 88" [_thread_blocked, id=14852, stack(0x0000000028e50000,0x0000000028f50000)]
  0x000000001eaf7800 JavaThread "jar transforms Thread 87" [_thread_blocked, id=5024, stack(0x0000000028d50000,0x0000000028e50000)]
  0x000000001eaf4000 JavaThread "jar transforms Thread 86" [_thread_blocked, id=15296, stack(0x0000000028c50000,0x0000000028d50000)]
  0x000000001eab7800 JavaThread "jar transforms Thread 85" [_thread_blocked, id=6776, stack(0x0000000028b50000,0x0000000028c50000)]
  0x000000001eab6000 JavaThread "jar transforms Thread 84" [_thread_blocked, id=14608, stack(0x0000000028a50000,0x0000000028b50000)]
  0x000000001eab5800 JavaThread "jar transforms Thread 83" [_thread_blocked, id=15232, stack(0x0000000028950000,0x0000000028a50000)]
  0x000000001eab9000 JavaThread "jar transforms Thread 82" [_thread_blocked, id=11680, stack(0x0000000028850000,0x0000000028950000)]
  0x000000001eab4800 JavaThread "jar transforms Thread 81" [_thread_blocked, id=15256, stack(0x0000000028750000,0x0000000028850000)]
  0x000000001eab3000 JavaThread "jar transforms Thread 80" [_thread_blocked, id=12384, stack(0x0000000028650000,0x0000000028750000)]
  0x000000001eab2800 JavaThread "jar transforms Thread 79" [_thread_blocked, id=14952, stack(0x0000000028550000,0x0000000028650000)]
  0x000000001eab1800 JavaThread "jar transforms Thread 78" [_thread_blocked, id=10508, stack(0x0000000028450000,0x0000000028550000)]
  0x000000001eab8800 JavaThread "jar transforms Thread 77" [_thread_blocked, id=652, stack(0x0000000028350000,0x0000000028450000)]
  0x000000001eab7000 JavaThread "jar transforms Thread 76" [_thread_blocked, id=13144, stack(0x0000000028250000,0x0000000028350000)]
  0x000000001eab4000 JavaThread "jar transforms Thread 75" [_thread_blocked, id=864, stack(0x0000000028150000,0x0000000028250000)]
  0x000000001eaaa000 JavaThread "jar transforms Thread 74" [_thread_blocked, id=6640, stack(0x0000000028050000,0x0000000028150000)]
  0x000000001eab1000 JavaThread "jar transforms Thread 73" [_thread_blocked, id=15224, stack(0x0000000027f50000,0x0000000028050000)]
  0x000000001eaae000 JavaThread "jar transforms Thread 72" [_thread_blocked, id=15212, stack(0x0000000027e50000,0x0000000027f50000)]
  0x000000001eab0000 JavaThread "jar transforms Thread 71" [_thread_blocked, id=1472, stack(0x0000000027d50000,0x0000000027e50000)]
  0x000000001eaaf800 JavaThread "jar transforms Thread 70" [_thread_blocked, id=15000, stack(0x0000000027c50000,0x0000000027d50000)]
  0x000000001eaae800 JavaThread "jar transforms Thread 69" [_thread_blocked, id=15260, stack(0x0000000027b50000,0x0000000027c50000)]
  0x000000001eaab800 JavaThread "jar transforms Thread 68" [_thread_blocked, id=3624, stack(0x0000000027a50000,0x0000000027b50000)]
  0x000000001eaab000 JavaThread "jar transforms Thread 67" [_thread_blocked, id=15052, stack(0x0000000027950000,0x0000000027a50000)]
  0x000000001eaad000 JavaThread "jar transforms Thread 66" [_thread_blocked, id=11684, stack(0x0000000027850000,0x0000000027950000)]
  0x000000001eaac800 JavaThread "jar transforms Thread 65" [_thread_blocked, id=13128, stack(0x0000000027750000,0x0000000027850000)]
  0x000000001b69f000 JavaThread "jar transforms Thread 64" [_thread_blocked, id=12940, stack(0x0000000027650000,0x0000000027750000)]
  0x000000001b69e800 JavaThread "jar transforms Thread 63" [_thread_blocked, id=4192, stack(0x0000000027550000,0x0000000027650000)]
  0x000000001b69d800 JavaThread "jar transforms Thread 62" [_thread_blocked, id=9104, stack(0x0000000027450000,0x0000000027550000)]
  0x000000001b6a4800 JavaThread "jar transforms Thread 61" [_thread_blocked, id=3212, stack(0x0000000027350000,0x0000000027450000)]
  0x000000001b6a3800 JavaThread "jar transforms Thread 60" [_thread_blocked, id=11152, stack(0x0000000027250000,0x0000000027350000)]
  0x000000001b6a3000 JavaThread "jar transforms Thread 59" [_thread_blocked, id=5456, stack(0x0000000027150000,0x0000000027250000)]
  0x000000001b6a2000 JavaThread "jar transforms Thread 58" [_thread_blocked, id=8208, stack(0x0000000027050000,0x0000000027150000)]
  0x000000001b6a1800 JavaThread "jar transforms Thread 57" [_thread_blocked, id=14480, stack(0x0000000026f50000,0x0000000027050000)]
  0x000000001b6a0800 JavaThread "jar transforms Thread 56" [_thread_blocked, id=14900, stack(0x0000000026e50000,0x0000000026f50000)]
  0x000000001b6a0000 JavaThread "jar transforms Thread 55" [_thread_blocked, id=14704, stack(0x0000000026d50000,0x0000000026e50000)]
  0x000000001b696000 JavaThread "jar transforms Thread 54" [_thread_blocked, id=14684, stack(0x0000000026c50000,0x0000000026d50000)]
  0x000000001b69d000 JavaThread "jar transforms Thread 53" [_thread_blocked, id=4072, stack(0x0000000026b50000,0x0000000026c50000)]
  0x000000001b695800 JavaThread "jar transforms Thread 52" [_thread_blocked, id=15228, stack(0x0000000026a50000,0x0000000026b50000)]
  0x000000001b699000 JavaThread "jar transforms Thread 51" [_thread_blocked, id=2752, stack(0x0000000026950000,0x0000000026a50000)]
  0x000000001b69c000 JavaThread "jar transforms Thread 50" [_thread_blocked, id=14224, stack(0x0000000026850000,0x0000000026950000)]
  0x000000001b698800 JavaThread "jar transforms Thread 49" [_thread_blocked, id=11836, stack(0x0000000026750000,0x0000000026850000)]
  0x000000001b697800 JavaThread "jar transforms Thread 48" [_thread_blocked, id=4104, stack(0x0000000026650000,0x0000000026750000)]
  0x000000001b697000 JavaThread "jar transforms Thread 47" [_thread_blocked, id=7672, stack(0x0000000026550000,0x0000000026650000)]
  0x000000001b69b800 JavaThread "jar transforms Thread 46" [_thread_blocked, id=14904, stack(0x0000000026450000,0x0000000026550000)]
  0x000000001b69a800 JavaThread "jar transforms Thread 45" [_thread_blocked, id=4076, stack(0x0000000026350000,0x0000000026450000)]
  0x000000001b69a000 JavaThread "jar transforms Thread 44" [_thread_blocked, id=13896, stack(0x0000000026250000,0x0000000026350000)]
  0x00000000201f6000 JavaThread "jar transforms Thread 43" [_thread_blocked, id=7572, stack(0x0000000026150000,0x0000000026250000)]
  0x00000000201f5800 JavaThread "jar transforms Thread 42" [_thread_blocked, id=8092, stack(0x0000000026050000,0x0000000026150000)]
  0x00000000201f8800 JavaThread "jar transforms Thread 41" [_thread_blocked, id=4672, stack(0x0000000025f50000,0x0000000026050000)]
  0x00000000201f7000 JavaThread "jar transforms Thread 40" [_thread_blocked, id=10044, stack(0x0000000025e50000,0x0000000025f50000)]
  0x00000000201f7800 JavaThread "jar transforms Thread 39" [_thread_blocked, id=8284, stack(0x0000000025d50000,0x0000000025e50000)]
  0x00000000201f4000 JavaThread "jar transforms Thread 38" [_thread_blocked, id=14936, stack(0x0000000025c50000,0x0000000025d50000)]
  0x00000000201f4800 JavaThread "jar transforms Thread 37" [_thread_blocked, id=14020, stack(0x0000000025b50000,0x0000000025c50000)]
  0x00000000201ec800 JavaThread "jar transforms Thread 36" [_thread_blocked, id=14612, stack(0x0000000025a50000,0x0000000025b50000)]
  0x00000000201f3000 JavaThread "jar transforms Thread 35" [_thread_blocked, id=6208, stack(0x0000000025950000,0x0000000025a50000)]
  0x00000000201f2800 JavaThread "jar transforms Thread 34" [_thread_blocked, id=2788, stack(0x0000000025850000,0x0000000025950000)]
  0x00000000201eb000 JavaThread "jar transforms Thread 33" [_thread_blocked, id=4256, stack(0x0000000025750000,0x0000000025850000)]
  0x00000000201f1800 JavaThread "jar transforms Thread 32" [_thread_blocked, id=13844, stack(0x0000000025650000,0x0000000025750000)]
  0x00000000201ed000 JavaThread "jar transforms Thread 31" [_thread_blocked, id=11724, stack(0x0000000025550000,0x0000000025650000)]
  0x00000000201ea000 JavaThread "jar transforms Thread 30" [_thread_blocked, id=3780, stack(0x0000000025450000,0x0000000025550000)]
  0x00000000201f1000 JavaThread "jar transforms Thread 29" [_thread_blocked, id=14124, stack(0x0000000025350000,0x0000000025450000)]
  0x00000000201f0000 JavaThread "jar transforms Thread 28" [_thread_blocked, id=4020, stack(0x0000000025250000,0x0000000025350000)]
  0x00000000201ee800 JavaThread "jar transforms Thread 27" [_thread_blocked, id=14572, stack(0x0000000025150000,0x0000000025250000)]
  0x00000000201eb800 JavaThread "jar transforms Thread 26" [_thread_blocked, id=12212, stack(0x0000000025050000,0x0000000025150000)]
  0x00000000201e9800 JavaThread "jar transforms Thread 25" [_thread_blocked, id=10020, stack(0x0000000024f50000,0x0000000025050000)]
  0x00000000201ef800 JavaThread "jar transforms Thread 24" [_thread_blocked, id=15080, stack(0x0000000024e50000,0x0000000024f50000)]
  0x00000000201ee000 JavaThread "jar transforms Thread 23" [_thread_blocked, id=14472, stack(0x0000000024d50000,0x0000000024e50000)]
  0x000000001ea7d800 JavaThread "jar transforms Thread 22" [_thread_blocked, id=10500, stack(0x0000000024c50000,0x0000000024d50000)]
  0x000000001ea7c800 JavaThread "jar transforms Thread 21" [_thread_blocked, id=1400, stack(0x0000000024b50000,0x0000000024c50000)]
  0x000000001ea7c000 JavaThread "jar transforms Thread 20" [_thread_blocked, id=7524, stack(0x0000000024a50000,0x0000000024b50000)]
  0x000000001ea7b000 JavaThread "jar transforms Thread 19" [_thread_blocked, id=12920, stack(0x0000000024950000,0x0000000024a50000)]
  0x000000001ea74000 JavaThread "jar transforms Thread 18" [_thread_blocked, id=13016, stack(0x0000000024850000,0x0000000024950000)]
  0x000000001ea73800 JavaThread "jar transforms Thread 17" [_thread_blocked, id=12724, stack(0x0000000024750000,0x0000000024850000)]
  0x000000001ea7a800 JavaThread "jar transforms Thread 16" [_thread_blocked, id=14836, stack(0x0000000024650000,0x0000000024750000)]
  0x000000001ea79800 JavaThread "jar transforms Thread 15" [_thread_blocked, id=14888, stack(0x0000000024550000,0x0000000024650000)]
  0x000000001ea72000 JavaThread "jar transforms Thread 14" [_thread_blocked, id=13480, stack(0x0000000024450000,0x0000000024550000)]
  0x000000001ea79000 JavaThread "jar transforms Thread 13" [_thread_blocked, id=3360, stack(0x0000000024350000,0x0000000024450000)]
  0x000000001ea77800 JavaThread "jar transforms Thread 12" [_thread_blocked, id=2308, stack(0x0000000024250000,0x0000000024350000)]
  0x000000001ea78000 JavaThread "jar transforms Thread 11" [_thread_blocked, id=14268, stack(0x0000000024150000,0x0000000024250000)]
  0x000000001ea6f800 JavaThread "jar transforms Thread 10" [_thread_blocked, id=14860, stack(0x0000000024050000,0x0000000024150000)]
  0x000000001ea70800 JavaThread "jar transforms Thread 9" [_thread_blocked, id=14604, stack(0x0000000023f50000,0x0000000024050000)]
  0x000000001ea76800 JavaThread "jar transforms Thread 8" [_thread_blocked, id=14708, stack(0x0000000023e50000,0x0000000023f50000)]
  0x000000001ea76000 JavaThread "jar transforms Thread 7" [_thread_blocked, id=10436, stack(0x0000000023d50000,0x0000000023e50000)]
  0x000000001ea71000 JavaThread "jar transforms Thread 6" [_thread_blocked, id=11584, stack(0x0000000023c50000,0x0000000023d50000)]
  0x000000001ea6e000 JavaThread "jar transforms Thread 5" [_thread_blocked, id=14500, stack(0x0000000023b50000,0x0000000023c50000)]
  0x000000001ea75000 JavaThread "jar transforms Thread 4" [_thread_blocked, id=6604, stack(0x0000000023a50000,0x0000000023b50000)]
  0x000000001ea72800 JavaThread "jar transforms Thread 3" [_thread_blocked, id=1376, stack(0x0000000023950000,0x0000000023a50000)]
  0x000000001ea6f000 JavaThread "jar transforms Thread 2" [_thread_blocked, id=10372, stack(0x00000000234e0000,0x00000000235e0000)]
  0x000000001948b800 JavaThread "Build operations Thread 6" [_thread_blocked, id=14244, stack(0x00000000233e0000,0x00000000234e0000)]
  0x000000001948e000 JavaThread "Build operations Thread 5" [_thread_blocked, id=14452, stack(0x00000000232e0000,0x00000000233e0000)]
  0x000000001948b000 JavaThread "Build operations Thread 4" [_thread_blocked, id=14468, stack(0x00000000231e0000,0x00000000232e0000)]
  0x000000001948d000 JavaThread "Build operations Thread 3" [_thread_blocked, id=14780, stack(0x00000000230e0000,0x00000000231e0000)]
  0x0000000019488800 JavaThread "Build operations Thread 2" [_thread_blocked, id=1368, stack(0x0000000022fe0000,0x00000000230e0000)]
  0x000000001948a000 JavaThread "Build operations" [_thread_blocked, id=14252, stack(0x0000000022ee0000,0x0000000022fe0000)]
  0x000000001b1f4800 JavaThread "Cache worker for file content cache (C:\Users\niku\.gradle\caches\6.5\fileContent)" [_thread_blocked, id=7308, stack(0x0000000021810000,0x0000000021910000)]
  0x000000001b1f4000 JavaThread "jar transforms" [_thread_blocked, id=9672, stack(0x0000000021710000,0x0000000021810000)]
  0x000000001b1f7000 JavaThread "Cache worker for execution history cache (C:\Users\niku\.gradle\caches\6.5\executionHistory)" [_thread_blocked, id=7100, stack(0x0000000020ef0000,0x0000000020ff0000)]
  0x000000001b1f3000 JavaThread "Cache worker for cache directory md-rule (C:\Users\niku\.gradle\caches\6.5\md-rule)" [_thread_blocked, id=1796, stack(0x0000000020df0000,0x0000000020ef0000)]
  0x000000001b1f6000 JavaThread "Cache worker for cache directory md-supplier (C:\Users\niku\.gradle\caches\6.5\md-supplier)" [_thread_blocked, id=2292, stack(0x000000001fa90000,0x000000001fb90000)]
  0x000000001b1f2800 JavaThread "Cache worker for checksums cache (D:\programming\android\CriminalIntent\.gradle\checksums)" [_thread_blocked, id=14192, stack(0x000000001f990000,0x000000001fa90000)]
  0x000000001b1f8800 JavaThread "Cache worker for file hash cache (D:\programming\android\CriminalIntent\.gradle\6.5\fileHashes)" [_thread_blocked, id=7400, stack(0x0000000021210000,0x0000000021310000)]
  0x000000001b1f9000 JavaThread "Cache worker for file hash cache (C:\Users\niku\.gradle\caches\6.5\fileHashes)" [_thread_blocked, id=14548, stack(0x000000001d4f0000,0x000000001d5f0000)]
  0x000000001b1f7800 JavaThread "File lock request listener" [_thread_in_native, id=15040, stack(0x000000001d3f0000,0x000000001d4f0000)]
  0x000000001b183000 JavaThread "Cache worker for journal cache (C:\Users\niku\.gradle\caches\journal-1)" [_thread_blocked, id=15044, stack(0x000000001d2f0000,0x000000001d3f0000)]
  0x000000001b0ce000 JavaThread "Thread-9" [_thread_blocked, id=14972, stack(0x000000001cff0000,0x000000001d0f0000)]
  0x000000001b0c9000 JavaThread "Stdin handler" [_thread_blocked, id=14556, stack(0x000000001cdf0000,0x000000001cef0000)]
  0x000000001b0c6800 JavaThread "Asynchronous log dispatcher for DefaultDaemonConnection: socket connection from /127.0.0.1:50183 to /127.0.0.1:50184" [_thread_blocked, id=6944, stack(0x000000001ccf0000,0x000000001cdf0000)]
  0x000000001b077000 JavaThread "Daemon worker" [_thread_blocked, id=9280, stack(0x000000001cbf0000,0x000000001ccf0000)]
  0x000000001b0ad000 JavaThread "Cancel handler" [_thread_blocked, id=5408, stack(0x000000001caf0000,0x000000001cbf0000)]
  0x000000001ab8b000 JavaThread "Handler for socket connection from /127.0.0.1:50183 to /127.0.0.1:50184" [_thread_in_native, id=13148, stack(0x000000001c7f0000,0x000000001c8f0000)]
  0x000000001ab8a000 JavaThread "Daemon" [_thread_blocked, id=1464, stack(0x000000001c6f0000,0x000000001c7f0000)]
  0x000000001b04d000 JavaThread "Daemon periodic checks" [_thread_blocked, id=15328, stack(0x000000001c5f0000,0x000000001c6f0000)]
  0x000000001afe5800 JavaThread "Incoming local TCP Connector on port 50183" [_thread_in_native, id=11864, stack(0x000000001c3a0000,0x000000001c4a0000)]
  0x000000001aad7000 JavaThread "Daemon health stats" [_thread_blocked, id=13432, stack(0x000000001bd60000,0x000000001be60000)]
  0x0000000018d40800 JavaThread "Service Thread" daemon [_thread_blocked, id=6456, stack(0x00000000191c0000,0x00000000192c0000)]
  0x0000000016e41000 JavaThread "C1 CompilerThread2" daemon [_thread_blocked, id=8936, stack(0x00000000190c0000,0x00000000191c0000)]
  0x0000000016e3f000 JavaThread "C2 CompilerThread1" daemon [_thread_blocked, id=2940, stack(0x0000000018bc0000,0x0000000018cc0000)]
  0x0000000016e3d800 JavaThread "C2 CompilerThread0" daemon [_thread_in_native, id=876, stack(0x0000000018ac0000,0x0000000018bc0000)]
  0x0000000016e35000 JavaThread "Attach Listener" daemon [_thread_blocked, id=8128, stack(0x00000000189c0000,0x0000000018ac0000)]
  0x0000000016e3a800 JavaThread "Signal Dispatcher" daemon [_thread_blocked, id=3976, stack(0x00000000188c0000,0x00000000189c0000)]
  0x000000000327c000 JavaThread "Finalizer" daemon [_thread_blocked, id=11336, stack(0x00000000186b0000,0x00000000187b0000)]
  0x0000000016e1b800 JavaThread "Reference Handler" daemon [_thread_blocked, id=240, stack(0x00000000185b0000,0x00000000186b0000)]
  0x0000000002fee000 JavaThread "main" [_thread_blocked, id=11372, stack(0x0000000003080000,0x0000000003180000)]

Other Threads:
  0x0000000016df6000 VMThread [stack: 0x00000000184b0000,0x00000000185b0000] [id=4548]
  0x0000000018d41000 WatcherThread [stack: 0x00000000192c0000,0x00000000193c0000] [id=13892]

=>0x000000000319f800 (exited) GCTaskThread [stack: 0x0000000013050000,0x0000000013150000] [id=14720]

VM state:at safepoint (normal execution)

VM Mutex/Monitor currently owned by a thread:  ([mutex/lock_event])
[0x0000000002fed480] Threads_lock - owner thread: 0x0000000016df6000
[0x0000000003181f50] Heap_lock - owner thread: 0x000000001b077000

heap address: 0x00000000a0000000, size: 1536 MB, Compressed Oops mode: 32-bit
Narrow klass base: 0x0000000000000000, Narrow klass shift: 3
Compressed class space size: 1073741824 Address: 0x0000000100000000

Heap:
 PSYoungGen      total 236544K, used 182009K [0x00000000e0000000, 0x00000000f6e00000, 0x0000000100000000)
  eden space 221184K, 76% used [0x00000000e0000000,0x00000000ea500f10,0x00000000ed800000)
  from space 15360K, 84% used [0x00000000ed800000,0x00000000ee4bd6f0,0x00000000ee700000)
  to   space 16384K, 99% used [0x00000000f5e00000,0x00000000f6dff320,0x00000000f6e00000)
 ParOldGen       total 136704K, used 15242K [0x00000000a0000000, 0x00000000a8580000, 0x00000000e0000000)
  object space 136704K, 11% used [0x00000000a0000000,0x00000000a0ee2bb8,0x00000000a8580000)
 Metaspace       used 56845K, capacity 59104K, committed 59160K, reserved 1099776K
  class space    used 7722K, capacity 8175K, committed 8224K, reserved 1048576K

Card table byte_map: [0x0000000012640000,0x0000000012950000] byte_map_base: 0x0000000012140000

Marking Bits: (ParMarkBitMap*) 0x0000000077d7f030
 Begin Bits: [0x0000000013150000, 0x0000000014950000)
 End Bits:   [0x0000000014950000, 0x0000000016150000)

Polling page: 0x0000000002f80000

CodeCache: size=245760Kb used=18215Kb max_used=18215Kb free=227544Kb
 bounds [0x0000000003280000, 0x0000000004460000, 0x0000000012280000]
 total_blobs=5981 nmethods=5215 adapters=679
 compilation: enabled

Compilation events (10 events):
Event: 4.091 Thread 0x0000000016e41000 5219   !   3       org.jetbrains.kotlin.gradle.utils.ParsedGradleVersion$Companion::parseIntOrNull (21 bytes)
Event: 4.091 Thread 0x0000000016e41000 nmethod 5219 0x0000000004450890 code [0x0000000004450a40, 0x0000000004450ee8]
Event: 4.091 Thread 0x0000000016e41000 5220       3       org.jetbrains.kotlin.gradle.utils.ParsedGradleVersion::<init> (15 bytes)
Event: 4.092 Thread 0x0000000016e41000 nmethod 5220 0x0000000004451210 code [0x0000000004451360, 0x0000000004451510]
Event: 4.092 Thread 0x0000000016e41000 5223       3       kotlin.collections.CollectionsKt___CollectionsKt::joinToString$default (97 bytes)
Event: 4.092 Thread 0x0000000016e41000 nmethod 5223 0x00000000044515d0 code [0x0000000004451740, 0x0000000004451a68]
Event: 4.092 Thread 0x0000000016e41000 5224       3       java.io.WinNTFileSystem::normalize (143 bytes)
Event: 4.092 Thread 0x0000000016e41000 nmethod 5224 0x0000000004451ed0 code [0x00000000044520c0, 0x0000000004452928]
Event: 4.092 Thread 0x0000000016e41000 5226       3       org.gradle.api.internal.DefaultNamedDomainObjectCollection::findByName (61 bytes)
Event: 4.092 Thread 0x0000000016e41000 nmethod 5226 0x0000000004452d10 code [0x0000000004452ee0, 0x00000000044536f8]

GC Heap History (10 events):
Event: 1.432 GC heap after
Heap after GC invocations=5 (full 1):
 PSYoungGen      total 141824K, used 0K [0x00000000e0000000, 0x00000000e9500000, 0x0000000100000000)
  eden space 131072K, 0% used [0x00000000e0000000,0x00000000e0000000,0x00000000e8000000)
  from space 10752K, 0% used [0x00000000e8a80000,0x00000000e8a80000,0x00000000e9500000)
  to   space 10752K, 0% used [0x00000000e8000000,0x00000000e8000000,0x00000000e8a80000)
 ParOldGen       total 92160K, used 6959K [0x00000000a0000000, 0x00000000a5a00000, 0x00000000e0000000)
  object space 92160K, 7% used [0x00000000a0000000,0x00000000a06cbcb8,0x00000000a5a00000)
 Metaspace       used 20578K, capacity 21236K, committed 21296K, reserved 1067008K
  class space    used 2873K, capacity 3080K, committed 3120K, reserved 1048576K
}
Event: 2.161 GC heap before
{Heap before GC invocations=6 (full 1):
 PSYoungGen      total 141824K, used 131072K [0x00000000e0000000, 0x00000000e9500000, 0x0000000100000000)
  eden space 131072K, 100% used [0x00000000e0000000,0x00000000e8000000,0x00000000e8000000)
  from space 10752K, 0% used [0x00000000e8a80000,0x00000000e8a80000,0x00000000e9500000)
  to   space 10752K, 0% used [0x00000000e8000000,0x00000000e8000000,0x00000000e8a80000)
 ParOldGen       total 92160K, used 6959K [0x00000000a0000000, 0x00000000a5a00000, 0x00000000e0000000)
  object space 92160K, 7% used [0x00000000a0000000,0x00000000a06cbcb8,0x00000000a5a00000)
 Metaspace       used 32952K, capacity 33914K, committed 34224K, reserved 1079296K
  class space    used 4482K, capacity 4725K, committed 4784K, reserved 1048576K
Event: 2.169 GC heap after
Heap after GC invocations=6 (full 1):
 PSYoungGen      total 141824K, used 10746K [0x00000000e0000000, 0x00000000ef700000, 0x0000000100000000)
  eden space 131072K, 0% used [0x00000000e0000000,0x00000000e0000000,0x00000000e8000000)
  from space 10752K, 99% used [0x00000000e8000000,0x00000000e8a7e9b8,0x00000000e8a80000)
  to   space 16384K, 0% used [0x00000000ee700000,0x00000000ee700000,0x00000000ef700000)
 ParOldGen       total 92160K, used 10722K [0x00000000a0000000, 0x00000000a5a00000, 0x00000000e0000000)
  object space 92160K, 11% used [0x00000000a0000000,0x00000000a0a78960,0x00000000a5a00000)
 Metaspace       used 32952K, capacity 33914K, committed 34224K, reserved 1079296K
  class space    used 4482K, capacity 4725K, committed 4784K, reserved 1048576K
}
Event: 2.279 GC heap before
{Heap before GC invocations=7 (full 1):
 PSYoungGen      total 141824K, used 42258K [0x00000000e0000000, 0x00000000ef700000, 0x0000000100000000)
  eden space 131072K, 24% used [0x00000000e0000000,0x00000000e1ec61b0,0x00000000e8000000)
  from space 10752K, 99% used [0x00000000e8000000,0x00000000e8a7e9b8,0x00000000e8a80000)
  to   space 16384K, 0% used [0x00000000ee700000,0x00000000ee700000,0x00000000ef700000)
 ParOldGen       total 92160K, used 10722K [0x00000000a0000000, 0x00000000a5a00000, 0x00000000e0000000)
  object space 92160K, 11% used [0x00000000a0000000,0x00000000a0a78960,0x00000000a5a00000)
 Metaspace       used 34301K, capacity 35402K, committed 35496K, reserved 1079296K
  class space    used 4703K, capacity 4976K, committed 5040K, reserved 1048576K
Event: 2.284 GC heap after
Heap after GC invocations=7 (full 1):
 PSYoungGen      total 237568K, used 8614K [0x00000000e0000000, 0x00000000ef780000, 0x0000000100000000)
  eden space 221184K, 0% used [0x00000000e0000000,0x00000000e0000000,0x00000000ed800000)
  from space 16384K, 52% used [0x00000000ee700000,0x00000000eef69978,0x00000000ef700000)
  to   space 15360K, 0% used [0x00000000ed800000,0x00000000ed800000,0x00000000ee700000)
 ParOldGen       total 92160K, used 10730K [0x00000000a0000000, 0x00000000a5a00000, 0x00000000e0000000)
  object space 92160K, 11% used [0x00000000a0000000,0x00000000a0a7a960,0x00000000a5a00000)
 Metaspace       used 34301K, capacity 35402K, committed 35496K, reserved 1079296K
  class space    used 4703K, capacity 4976K, committed 5040K, reserved 1048576K
}
Event: 2.284 GC heap before
{Heap before GC invocations=8 (full 2):
 PSYoungGen      total 237568K, used 8614K [0x00000000e0000000, 0x00000000ef780000, 0x0000000100000000)
  eden space 221184K, 0% used [0x00000000e0000000,0x00000000e0000000,0x00000000ed800000)
  from space 16384K, 52% used [0x00000000ee700000,0x00000000eef69978,0x00000000ef700000)
  to   space 15360K, 0% used [0x00000000ed800000,0x00000000ed800000,0x00000000ee700000)
 ParOldGen       total 92160K, used 10730K [0x00000000a0000000, 0x00000000a5a00000, 0x00000000e0000000)
  object space 92160K, 11% used [0x00000000a0000000,0x00000000a0a7a960,0x00000000a5a00000)
 Metaspace       used 34301K, capacity 35402K, committed 35496K, reserved 1079296K
  class space    used 4703K, capacity 4976K, committed 5040K, reserved 1048576K
Event: 2.312 GC heap after
Heap after GC invocations=8 (full 2):
 PSYoungGen      total 237568K, used 0K [0x00000000e0000000, 0x00000000ef780000, 0x0000000100000000)
  eden space 221184K, 0% used [0x00000000e0000000,0x00000000e0000000,0x00000000ed800000)
  from space 16384K, 0% used [0x00000000ee700000,0x00000000ee700000,0x00000000ef700000)
  to   space 15360K, 0% used [0x00000000ed800000,0x00000000ed800000,0x00000000ee700000)
 ParOldGen       total 136704K, used 15114K [0x00000000a0000000, 0x00000000a8580000, 0x00000000e0000000)
  object space 136704K, 11% used [0x00000000a0000000,0x00000000a0ec2ba8,0x00000000a8580000)
 Metaspace       used 34301K, capacity 35402K, committed 35496K, reserved 1079296K
  class space    used 4703K, capacity 4976K, committed 5040K, reserved 1048576K
}
Event: 3.149 GC heap before
{Heap before GC invocations=9 (full 2):
 PSYoungGen      total 237568K, used 221184K [0x00000000e0000000, 0x00000000ef780000, 0x0000000100000000)
  eden space 221184K, 100% used [0x00000000e0000000,0x00000000ed800000,0x00000000ed800000)
  from space 16384K, 0% used [0x00000000ee700000,0x00000000ee700000,0x00000000ef700000)
  to   space 15360K, 0% used [0x00000000ed800000,0x00000000ed800000,0x00000000ee700000)
 ParOldGen       total 136704K, used 15114K [0x00000000a0000000, 0x00000000a8580000, 0x00000000e0000000)
  object space 136704K, 11% used [0x00000000a0000000,0x00000000a0ec2ba8,0x00000000a8580000)
 Metaspace       used 43556K, capacity 45236K, committed 45480K, reserved 1089536K
  class space    used 5885K, capacity 6211K, committed 6320K, reserved 1048576K
Event: 3.156 GC heap after
Heap after GC invocations=9 (full 2):
 PSYoungGen      total 236544K, used 13045K [0x00000000e0000000, 0x00000000f6e00000, 0x0000000100000000)
  eden space 221184K, 0% used [0x00000000e0000000,0x00000000e0000000,0x00000000ed800000)
  from space 15360K, 84% used [0x00000000ed800000,0x00000000ee4bd6f0,0x00000000ee700000)
  to   space 16384K, 0% used [0x00000000f5e00000,0x00000000f5e00000,0x00000000f6e00000)
 ParOldGen       total 136704K, used 15122K [0x00000000a0000000, 0x00000000a8580000, 0x00000000e0000000)
  object space 136704K, 11% used [0x00000000a0000000,0x00000000a0ec4ba8,0x00000000a8580000)
 Metaspace       used 43556K, capacity 45236K, committed 45480K, reserved 1089536K
  class space    used 5885K, capacity 6211K, committed 6320K, reserved 1048576K
}
Event: 4.096 GC heap before
{Heap before GC invocations=10 (full 2):
 PSYoungGen      total 236544K, used 182009K [0x00000000e0000000, 0x00000000f6e00000, 0x0000000100000000)
  eden space 221184K, 76% used [0x00000000e0000000,0x00000000ea500f10,0x00000000ed800000)
  from space 15360K, 84% used [0x00000000ed800000,0x00000000ee4bd6f0,0x00000000ee700000)
  to   space 16384K, 0% used [0x00000000f5e00000,0x00000000f5e00000,0x00000000f6e00000)
 ParOldGen       total 136704K, used 15122K [0x00000000a0000000, 0x00000000a8580000, 0x00000000e0000000)
  object space 136704K, 11% used [0x00000000a0000000,0x00000000a0ec4ba8,0x00000000a8580000)
 Metaspace       used 56845K, capacity 59104K, committed 59160K, reserved 1099776K
  class space    used 7722K, capacity 8175K, committed 8224K, reserved 1048576K

Deoptimization events (10 events):
Event: 3.638 Thread 0x000000001b077000 Uncommon trap: reason=unstable_if action=reinterpret pc=0x00000000039813a0 method=sun.net.www.protocol.jar.Handler.parseURL(Ljava/net/URL;Ljava/lang/String;II)V @ 116
Event: 3.646 Thread 0x000000001b077000 Uncommon trap: reason=unstable_if action=reinterpret pc=0x0000000003853264 method=java.util.concurrent.ConcurrentHashMap.putVal(Ljava/lang/Object;Ljava/lang/Object;Z)Ljava/lang/Object; @ 195
Event: 3.714 Thread 0x000000001b077000 Uncommon trap: reason=null_check action=make_not_entrant pc=0x0000000003a40ddc method=java.lang.Class.searchMethods([Ljava/lang/reflect/Method;Ljava/lang/String;[Ljava/lang/Class;)Ljava/lang/reflect/Method; @ 59
Event: 3.975 Thread 0x000000001b077000 Uncommon trap: reason=unstable_if action=reinterpret pc=0x0000000003fc20cc method=java.security.CodeSource.hashCode()I @ 4
Event: 4.079 Thread 0x000000001b077000 Uncommon trap: reason=unstable_if action=reinterpret pc=0x00000000035bb974 method=java.util.HashMap.resize()[Ljava/util/HashMap$Node; @ 206
Event: 4.080 Thread 0x000000001b077000 Uncommon trap: reason=unstable_if action=reinterpret pc=0x000000000414195c method=java.util.HashMap.getNode(ILjava/lang/Object;)Ljava/util/HashMap$Node; @ 84
Event: 4.080 Thread 0x000000001b077000 Uncommon trap: reason=unstable_if action=reinterpret pc=0x00000000041a49f0 method=java.util.HashMap.getNode(ILjava/lang/Object;)Ljava/util/HashMap$Node; @ 84
Event: 4.080 Thread 0x000000001b077000 Uncommon trap: reason=unstable_if action=reinterpret pc=0x000000000418c3ac method=java.util.HashMap.getNode(ILjava/lang/Object;)Ljava/util/HashMap$Node; @ 84
Event: 4.090 Thread 0x000000001b077000 Uncommon trap: reason=unstable_if action=reinterpret pc=0x0000000003d1cdd0 method=java.io.WinNTFileSystem.normalize(Ljava/lang/String;)Ljava/lang/String; @ 74
Event: 4.090 Thread 0x000000001b077000 Uncommon trap: reason=unstable_if action=reinterpret pc=0x0000000003bf6b20 method=java.io.WinNTFileSystem.normalize(Ljava/lang/String;II)Ljava/lang/String; @ 103

Classes redefined (0 events):
No events

Internal exceptions (10 events):
Event: 3.761 Thread 0x000000001b077000 Exception <a 'java/lang/ClassNotFoundException': org/gradle/api/plugins/JavaPluginConventionBeanInfo> (0x00000000e71064f8) thrown at [C:\src\AOSP-openjdk-git\hotspot\src\share\vm\classfile\systemDictionary.cpp, line 210]
Event: 3.761 Thread 0x000000001b077000 Exception <a 'java/lang/ClassNotFoundException': org/gradle/api/plugins/JavaPluginConventionCustomizer> (0x00000000e71534d8) thrown at [C:\src\AOSP-openjdk-git\hotspot\src\share\vm\classfile\systemDictionary.cpp, line 210]
Event: 3.762 Thread 0x000000001b077000 Exception <a 'java/lang/ClassNotFoundException': org/gradle/api/plugins/internal/DefaultJavaPluginConventionCustomizer> (0x00000000e71ccb10) thrown at [C:\src\AOSP-openjdk-git\hotspot\src\share\vm\classfile\systemDictionary.cpp, line 210]
Event: 3.975 Thread 0x000000001b077000 Implicit null exception at 0x0000000003fc1dd5 to 0x0000000003fc20bd
Event: 4.051 Thread 0x000000001b077000 Exception <a 'java/lang/ClassNotFoundException': com/android/build/gradle/internal/api/ApkVariantOutputImpl_DecoratedBeanInfo> (0x00000000e9b03d30) thrown at [C:\src\AOSP-openjdk-git\hotspot\src\share\vm\classfile\systemDictionary.cpp, line 210]
Event: 4.051 Thread 0x000000001b077000 Exception <a 'java/lang/ClassNotFoundException': com/android/build/gradle/internal/api/ApkVariantOutputImplBeanInfo> (0x00000000e9b234e0) thrown at [C:\src\AOSP-openjdk-git\hotspot\src\share\vm\classfile\systemDictionary.cpp, line 210]
Event: 4.052 Thread 0x000000001b077000 Exception <a 'java/lang/ClassNotFoundException': com/android/build/gradle/internal/api/BaseVariantOutputImplBeanInfo> (0x00000000e9b44078) thrown at [C:\src\AOSP-openjdk-git\hotspot\src\share\vm\classfile\systemDictionary.cpp, line 210]
Event: 4.052 Thread 0x000000001b077000 Exception <a 'java/lang/ClassNotFoundException': com/android/build/gradle/internal/api/BaseVariantOutputImplCustomizer> (0x00000000e9b65210) thrown at [C:\src\AOSP-openjdk-git\hotspot\src\share\vm\classfile\systemDictionary.cpp, line 210]
Event: 4.052 Thread 0x000000001b077000 Exception <a 'java/lang/ClassNotFoundException': com/android/build/gradle/internal/api/ApkVariantOutputImplCustomizer> (0x00000000e9ba0118) thrown at [C:\src\AOSP-openjdk-git\hotspot\src\share\vm\classfile\systemDictionary.cpp, line 210]
Event: 4.053 Thread 0x000000001b077000 Exception <a 'java/lang/ClassNotFoundException': com/android/build/gradle/internal/api/ApkVariantOutputImpl_DecoratedCustomizer> (0x00000000e9bd6a78) thrown at [C:\src\AOSP-openjdk-git\hotspot\src\share\vm\classfile\systemDictionary.cpp, line 210]

Events (10 events):
Event: 4.095 loading class org/jetbrains/kotlin/gradle/internal/CompilerArgumentAware done
Event: 4.095 loading class org/jetbrains/kotlin/gradle/internal/tasks/TaskWithLocalState
Event: 4.095 loading class org/jetbrains/kotlin/gradle/internal/tasks/TaskWithLocalState done
Event: 4.095 loading class org/jetbrains/kotlin/gradle/tasks/KotlinTasksProvider$registerKotlinJVMTask$result$1
Event: 4.095 loading class org/jetbrains/kotlin/gradle/tasks/KotlinTasksProvider$registerKotlinJVMTask$result$1 done
Event: 4.096 loading class org/jetbrains/kotlin/gradle/tasks/TasksProviderKt
Event: 4.096 loading class org/jetbrains/kotlin/gradle/tasks/TasksProviderKt done
Event: 4.096 loading class kotlin/jvm/internal/CollectionToArray
Event: 4.096 loading class kotlin/jvm/internal/CollectionToArray done
Event: 4.096 Executing VM operation: CollectForMetadataAllocation


Dynamic libraries:
0x00007ff742f60000 - 0x00007ff742f91000 	C:\Program Files\Android\Android Studio\jre\bin\java.exe
0x00007fff03db0000 - 0x00007fff03fa6000 	C:\WINDOWS\SYSTEM32\ntdll.dll
0x00007fff03280000 - 0x00007fff0333d000 	C:\WINDOWS\System32\KERNEL32.DLL
0x00007fff01a30000 - 0x00007fff01cf9000 	C:\WINDOWS\System32\KERNELBASE.dll
0x00007fff031c0000 - 0x00007fff0326c000 	C:\WINDOWS\System32\ADVAPI32.dll
0x00007fff03500000 - 0x00007fff0359e000 	C:\WINDOWS\System32\msvcrt.dll
0x00007fff02de0000 - 0x00007fff02e7c000 	C:\WINDOWS\System32\sechost.dll
0x00007fff01fe0000 - 0x00007fff0210b000 	C:\WINDOWS\System32\RPCRT4.dll
0x00007fff021d0000 - 0x00007fff02370000 	C:\WINDOWS\System32\USER32.dll
0x00007fff01770000 - 0x00007fff01792000 	C:\WINDOWS\System32\win32u.dll
0x00007fff01f50000 - 0x00007fff01f7a000 	C:\WINDOWS\System32\GDI32.dll
0x00007fff01d00000 - 0x00007fff01e09000 	C:\WINDOWS\System32\gdi32full.dll
0x00007fff016d0000 - 0x00007fff0176d000 	C:\WINDOWS\System32\msvcp_win.dll
0x00007fff01930000 - 0x00007fff01a30000 	C:\WINDOWS\System32\ucrtbase.dll
0x00007ffee69f0000 - 0x00007ffee6c8b000 	C:\WINDOWS\WinSxS\amd64_microsoft.windows.common-controls_6595b64144ccf1df_6.0.19041.488_none_ca04af081b815d21\COMCTL32.dll
0x00007fff033b0000 - 0x00007fff033e0000 	C:\WINDOWS\System32\IMM32.DLL
0x0000000050100000 - 0x00000000501d2000 	C:\Program Files\Android\Android Studio\jre\jre\bin\msvcr100.dll
0x00000000775b0000 - 0x0000000077dfb000 	C:\Program Files\Android\Android Studio\jre\jre\bin\server\jvm.dll
0x00007fff03270000 - 0x00007fff03278000 	C:\WINDOWS\System32\PSAPI.DLL
0x00007ffefb8f0000 - 0x00007ffefb8f9000 	C:\WINDOWS\SYSTEM32\WSOCK32.dll
0x00007ffeea7f0000 - 0x00007ffeea817000 	C:\WINDOWS\SYSTEM32\WINMM.dll
0x00007ffefab40000 - 0x00007ffefab4a000 	C:\WINDOWS\SYSTEM32\VERSION.dll
0x00007fff03340000 - 0x00007fff033ab000 	C:\WINDOWS\System32\WS2_32.dll
0x00007ffee3fe0000 - 0x00007ffee3fef000 	C:\Program Files\Android\Android Studio\jre\jre\bin\verify.dll
0x00007ffee07d0000 - 0x00007ffee07f9000 	C:\Program Files\Android\Android Studio\jre\jre\bin\java.dll
0x00007ffee36c0000 - 0x00007ffee36d6000 	C:\Program Files\Android\Android Studio\jre\jre\bin\zip.dll
0x00007fff025d0000 - 0x00007fff02d12000 	C:\WINDOWS\System32\SHELL32.dll
0x00007ffeff660000 - 0x00007ffeffdf5000 	C:\WINDOWS\SYSTEM32\windows.storage.dll
0x00007fff03a10000 - 0x00007fff03d66000 	C:\WINDOWS\System32\combase.dll
0x00007fff00f60000 - 0x00007fff00f8c000 	C:\WINDOWS\SYSTEM32\Wldp.dll
0x00007fff02520000 - 0x00007fff025ce000 	C:\WINDOWS\System32\SHCORE.dll
0x00007fff03030000 - 0x00007fff03085000 	C:\WINDOWS\System32\shlwapi.dll
0x00007fff01420000 - 0x00007fff01446000 	C:\WINDOWS\SYSTEM32\profapi.dll
0x00007ffee33b0000 - 0x00007ffee33ca000 	C:\Program Files\Android\Android Studio\jre\jre\bin\net.dll
0x00007fff00ce0000 - 0x00007fff00d4a000 	C:\WINDOWS\system32\mswsock.dll
0x00007ffee2190000 - 0x00007ffee21a3000 	C:\Program Files\Android\Android Studio\jre\jre\bin\nio.dll
0x00007ffebe1c0000 - 0x00007ffebe1e7000 	C:\Users\niku\.gradle\native\f6784746aeab05261644944871eae4fe03e0ef1612fff0a4a95f87b438bc6780\windows-amd64\native-platform.dll
0x00007ffede4f0000 - 0x00007ffede4fd000 	C:\Program Files\Android\Android Studio\jre\jre\bin\management.dll
0x00007fff00eb0000 - 0x00007fff00ec8000 	C:\WINDOWS\SYSTEM32\CRYPTSP.dll
0x00007fff00600000 - 0x00007fff00634000 	C:\WINDOWS\system32\rsaenh.dll
0x00007fff01540000 - 0x00007fff01567000 	C:\WINDOWS\System32\bcrypt.dll
0x00007fff013e0000 - 0x00007fff0140e000 	C:\WINDOWS\SYSTEM32\USERENV.dll
0x00007fff018b0000 - 0x00007fff01930000 	C:\WINDOWS\System32\bcryptprimitives.dll
0x00007fff00ed0000 - 0x00007fff00edc000 	C:\WINDOWS\SYSTEM32\CRYPTBASE.dll
0x00007fff00980000 - 0x00007fff009bb000 	C:\WINDOWS\SYSTEM32\IPHLPAPI.DLL
0x00007fff021a0000 - 0x00007fff021a8000 	C:\WINDOWS\System32\NSI.dll
0x00007ffef90a0000 - 0x00007ffef90b7000 	C:\WINDOWS\SYSTEM32\dhcpcsvc6.DLL
0x00007ffef9260000 - 0x00007ffef927d000 	C:\WINDOWS\SYSTEM32\dhcpcsvc.DLL
0x00007fff009c0000 - 0x00007fff00a8b000 	C:\WINDOWS\SYSTEM32\DNSAPI.dll
0x00007ffef9590000 - 0x00007ffef959b000 	C:\WINDOWS\SYSTEM32\WINNSI.DLL
0x00007ffee3970000 - 0x00007ffee3b54000 	C:\WINDOWS\SYSTEM32\dbghelp.dll

VM Arguments:
jvm_args: -Xmx1536m -Dfile.encoding=windows-1251 -Duser.country=RU -Duser.language=ru -Duser.variant 
java_command: org.gradle.launcher.daemon.bootstrap.GradleDaemon 6.5
java_class_path (initial): C:\Users\niku\.gradle\wrapper\dists\gradle-6.5-bin\6nifqtx7604sqp1q6g8wikw7p\gradle-6.5\lib\gradle-launcher-6.5.jar
Launcher Type: SUN_STANDARD

Environment Variables:
PATH=C:\ProgramData\Oracle\Java\javapath;C:\Windows\system32;C:\Windows;C:\Windows\System32\Wbem;C:\Windows\System32\WindowsPowerShell\v1.0\;C:\WINDOWS\system32;C:\WINDOWS;C:\WINDOWS\System32\Wbem;C:\WINDOWS\System32\WindowsPowerShell\v1.0\;C:\WINDOWS\System32\OpenSSH\;C:\Program Files\Git\cmd;C:\Program Files (x86)\Intel\Intel(R) Management Engine Components\DAL;C:\Program Files\Intel\Intel(R) Management Engine Components\DAL;C:\Program Files (x86)\NVIDIA Corporation\PhysX\Common;C:\Program Files\NVIDIA Corporation\NVIDIA NvDLISR;C:\WINDOWS\system32;C:\WINDOWS;C:\WINDOWS\System32\Wbem;C:\WINDOWS\System32\WindowsPowerShell\v1.0\;C:\WINDOWS\System32\OpenSSH\;C:\Program Files\PuTTY\;C:\Users\niku\AppData\Local\Programs\Python\Python38-32\Scripts\;C:\Users\niku\AppData\Local\Programs\Python\Python38-32\;C:\Users\niku\AppData\Local\Microsoft\WindowsApps;;C:\Program Files\JetBrains\IntelliJ IDEA Community Edition 2019.3.2\bin;
USERNAME=niku
OS=Windows_NT
PROCESSOR_IDENTIFIER=Intel64 Family 6 Model 158 Stepping 12, GenuineIntel



---------------  S Y S T E M  ---------------

OS: Windows 10.0 , 64 bit Build 19041 (10.0.19041.662)

CPU:total 6 (initial active 6) (6 cores per cpu, 1 threads per core) family 6 model 158 stepping 12, cmov, cx8, fxsr, mmx, sse, sse2, sse3, ssse3, sse4.1, sse4.2, popcnt, avx, avx2, aes, clmul, erms, rtm, 3dnowpref, lzcnt, tsc, tscinvbit, bmi1, bmi2, adx

Memory: 4k page, physical 16709752k(7698584k free), swap 19200120k(5953476k free)

vm_info: OpenJDK 64-Bit Server VM (25.242-b01) for windows-amd64 JRE (1.8.0_242-release-1644-b01), built by "builder" with MS VC++ 10.0 (VS2010)

time: Mon Jan 04 22:36:22 2021
timezone: RTZ 2 (зима)
elapsed time: 4 seconds (0d 0h 0m 4s)

